<?xml version="1.0" encoding="UTF-8"?>
<testng-results skipped="0" failed="0" total="1" passed="1">
  <reporter-output>
  </reporter-output>
  <suite name="Default suite" duration-ms="29540" started-at="2015-05-07T23:03:50Z" finished-at="2015-05-07T23:04:19Z">
    <groups>
    </groups>
    <test name="Default test" duration-ms="29540" started-at="2015-05-07T23:03:50Z" finished-at="2015-05-07T23:04:19Z">
      <class name="appium.Test5">
        <test-method status="PASS" signature="setUp()[pri:0, instance:appium.Test5@16c0663d]" name="setUp" is-config="true" duration-ms="5456" started-at="2015-05-07T16:03:50Z" finished-at="2015-05-07T16:03:55Z">
          <reporter-output>
          </reporter-output>
        </test-method> <!-- setUp -->
        <test-method status="PASS" signature="fifthYelpTest()[pri:0, instance:appium.Test5@16c0663d]" name="fifthYelpTest" duration-ms="23302" started-at="2015-05-07T16:03:55Z" finished-at="2015-05-07T16:04:19Z">
          <reporter-output>
          </reporter-output>
        </test-method> <!-- fifthYelpTest -->
        <test-method status="PASS" signature="teardown()[pri:0, instance:appium.Test5@16c0663d]" name="teardown" is-config="true" duration-ms="765" started-at="2015-05-07T16:04:19Z" finished-at="2015-05-07T16:04:19Z">
          <reporter-output>
          </reporter-output>
        </test-method> <!-- teardown -->
      </class> <!-- appium.Test5 -->
    </test> <!-- Default test -->
  </suite> <!-- Default suite -->
</testng-results>
